<?xml version="1.0" encoding="UTF-8"?>
<!-- Generated by org.testng.reporters.JUnitReportReporter -->
<testsuite hostname="LAPTOP-KH3R9QP0" failures="0" tests="2" name="TestNG.AnnotationTest" time="0.021" errors="0" timestamp="2023-09-20T19:44:56 IST" skipped="0">
  <testcase classname="TestNG.AnnotationTest" name="demo" time="0.017"/>
  <system-out/>
  <testcase classname="TestNG.AnnotationTest" name="sample" time="0.004"/>
  <system-out/>
</testsuite> <!-- TestNG.AnnotationTest -->
