<?xml version="1.0" encoding="UTF-8"?>
<!-- Generated by org.testng.reporters.JUnitReportReporter -->
<testsuite hostname="LAPTOP-KH3R9QP0" failures="0" tests="1" name="TestNGtest.DeleteClientTest" time="2.595" errors="0" timestamp="2023-09-19T13:26:51 IST" skipped="0">
  <testcase classname="TestNGtest.DeleteClientTest" name="deleteClientUsingPomTestng" time="2.595"/>
  <system-out/>
</testsuite> <!-- TestNGtest.DeleteClientTest -->
