<?xml version="1.0" encoding="UTF-8"?>
<!-- Generated by org.testng.reporters.JUnitReportReporter -->
<testsuite hostname="LAPTOP-KH3R9QP0" failures="0" tests="1" name="TestNG.Sample" time="0.009" errors="0" timestamp="2023-09-19T17:11:48 IST" skipped="0">
  <testcase classname="TestNG.Sample" name="sampletest" time="0.009"/>
  <system-out/>
</testsuite> <!-- TestNG.Sample -->
