<?xml version="1.0" encoding="UTF-8"?>
<!-- Generated by org.testng.reporters.JUnitReportReporter -->
<testsuite hostname="LAPTOP-KH3R9QP0" failures="0" tests="4" name="TestNG.DBExcelTest" time="0.018" errors="0" timestamp="2023-09-15T15:23:59 IST" skipped="0">
  <testcase classname="TestNG.DBExcelTest" name="getData" time="0.009"/>
  <system-out/>
  <testcase classname="TestNG.DBExcelTest" name="getData" time="0.002"/>
  <system-out/>
  <testcase classname="TestNG.DBExcelTest" name="getData" time="0.003"/>
  <system-out/>
  <testcase classname="TestNG.DBExcelTest" name="getData" time="0.004"/>
  <system-out/>
</testsuite> <!-- TestNG.DBExcelTest -->
