<?xml version="1.0" encoding="UTF-8"?>
<!-- Generated by org.testng.reporters.JUnitReportReporter -->
<testsuite hostname="LAPTOP-KH3R9QP0" failures="0" tests="1" name="TestNG.SoftAssertTest" time="6.504" errors="0" timestamp="2023-09-20T12:44:11 IST" skipped="0">
  <testcase classname="TestNG.SoftAssertTest" name="softassertTest" time="6.504"/>
  <system-out/>
</testsuite> <!-- TestNG.SoftAssertTest -->
