<?xml version="1.0" encoding="UTF-8"?>
<!-- Generated by org.testng.reporters.JUnitReportReporter -->
<testsuite hostname="LAPTOP-KH3R9QP0" failures="0" tests="3" name="TestNG.PracticeTest" time="0.020" errors="0" timestamp="2023-09-15T12:23:30 IST" skipped="0">
  <testcase classname="TestNG.PracticeTest" name="createTest" time="0.013"/>
  <system-out/>
  <testcase classname="TestNG.PracticeTest" name="editTest" time="0.002"/>
  <system-out/>
  <testcase classname="TestNG.PracticeTest" name="deleteTest" time="0.005"/>
  <system-out/>
</testsuite> <!-- TestNG.PracticeTest -->
