<?xml version="1.0" encoding="UTF-8"?>
<!-- Generated by org.testng.reporters.JUnitReportReporter -->
<testsuite hostname="LAPTOP-KH3R9QP0" failures="0" tests="1" name="com.insurance.ASTL_script.AddPaymentFromPomTest" time="30.157" errors="0" timestamp="2023-09-21T13:04:25 IST" skipped="0">
  <testcase classname="com.insurance.ASTL_script.AddPaymentFromPomTest" name="addPayment" time="30.157"/>
  <system-out>
    <![CDATA[addPayment--->Execution starts
addPayment---Testscript executed successfully]]>
  </system-out>
</testsuite> <!-- com.insurance.ASTL_script.AddPaymentFromPomTest -->
