<?xml version="1.0" encoding="UTF-8"?>
<!-- Generated by org.testng.reporters.JUnitReportReporter -->
<testsuite hostname="LAPTOP-KH3R9QP0" failures="0" tests="1" name="com.practice.ReadDataFromCmdTest" time="6.093" errors="0" timestamp="2023-09-06T13:12:11 IST" skipped="0">
  <testcase classname="com.practice.ReadDataFromCmdTest" name="cmdTest" time="6.093"/>
  <system-out/>
</testsuite> <!-- com.practice.ReadDataFromCmdTest -->
