<?xml version="1.0" encoding="UTF-8"?>
<!-- Generated by org.testng.reporters.JUnitReportReporter -->
<testsuite hostname="LAPTOP-KH3R9QP0" failures="0" tests="1" name="TestNG.Demo" time="0.013" errors="0" timestamp="2023-09-19T17:11:48 IST" skipped="0">
  <testcase classname="TestNG.Demo" name="demo" time="0.013"/>
  <system-out/>
</testsuite> <!-- TestNG.Demo -->
